Determining if the pthread_create exist failed with the following output:
Change Dir: /home/whil/Developer/sub/openpose/build/caffe/src/openpose_lib-build/CMakeFiles/CMakeTmp

Run Build Command(s):/usr/bin/make cmTC_35025/fast 
make[3]: Entering directory '/home/whil/Developer/sub/openpose/build/caffe/src/openpose_lib-build/CMakeFiles/CMakeTmp'
/usr/bin/make -f CMakeFiles/cmTC_35025.dir/build.make CMakeFiles/cmTC_35025.dir/build
make[4]: Entering directory '/home/whil/Developer/sub/openpose/build/caffe/src/openpose_lib-build/CMakeFiles/CMakeTmp'
Building C object CMakeFiles/cmTC_35025.dir/CheckSymbolExists.c.o
/usr/bin/cc    -o CMakeFiles/cmTC_35025.dir/CheckSymbolExists.c.o   -c /home/whil/Developer/sub/openpose/build/caffe/src/openpose_lib-build/CMakeFiles/CMakeTmp/CheckSymbolExists.c
Linking C executable cmTC_35025
/usr/local/bin/cmake -E cmake_link_script CMakeFiles/cmTC_35025.dir/link.txt --verbose=1
/usr/bin/cc      -rdynamic CMakeFiles/cmTC_35025.dir/CheckSymbolExists.c.o  -o cmTC_35025 
CMakeFiles/cmTC_35025.dir/CheckSymbolExists.c.o: In function `main':
CheckSymbolExists.c:(.text+0x1b): undefined reference to `pthread_create'
collect2: error: ld returned 1 exit status
CMakeFiles/cmTC_35025.dir/build.make:86: recipe for target 'cmTC_35025' failed
make[4]: *** [cmTC_35025] Error 1
make[4]: Leaving directory '/home/whil/Developer/sub/openpose/build/caffe/src/openpose_lib-build/CMakeFiles/CMakeTmp'
Makefile:121: recipe for target 'cmTC_35025/fast' failed
make[3]: *** [cmTC_35025/fast] Error 2
make[3]: Leaving directory '/home/whil/Developer/sub/openpose/build/caffe/src/openpose_lib-build/CMakeFiles/CMakeTmp'

File /home/whil/Developer/sub/openpose/build/caffe/src/openpose_lib-build/CMakeFiles/CMakeTmp/CheckSymbolExists.c:
/* */
#include <pthread.h>

int main(int argc, char** argv)
{
  (void)argv;
#ifndef pthread_create
  return ((int*)(&pthread_create))[argc];
#else
  (void)argc;
  return 0;
#endif
}

Determining if the function pthread_create exists in the pthreads failed with the following output:
Change Dir: /home/whil/Developer/sub/openpose/build/caffe/src/openpose_lib-build/CMakeFiles/CMakeTmp

Run Build Command(s):/usr/bin/make cmTC_0c141/fast 
make[3]: Entering directory '/home/whil/Developer/sub/openpose/build/caffe/src/openpose_lib-build/CMakeFiles/CMakeTmp'
/usr/bin/make -f CMakeFiles/cmTC_0c141.dir/build.make CMakeFiles/cmTC_0c141.dir/build
make[4]: Entering directory '/home/whil/Developer/sub/openpose/build/caffe/src/openpose_lib-build/CMakeFiles/CMakeTmp'
Building C object CMakeFiles/cmTC_0c141.dir/CheckFunctionExists.c.o
/usr/bin/cc   -DCHECK_FUNCTION_EXISTS=pthread_create   -o CMakeFiles/cmTC_0c141.dir/CheckFunctionExists.c.o   -c /usr/local/share/cmake-3.14/Modules/CheckFunctionExists.c
Linking C executable cmTC_0c141
/usr/local/bin/cmake -E cmake_link_script CMakeFiles/cmTC_0c141.dir/link.txt --verbose=1
/usr/bin/cc  -DCHECK_FUNCTION_EXISTS=pthread_create    -rdynamic CMakeFiles/cmTC_0c141.dir/CheckFunctionExists.c.o  -o cmTC_0c141 -lpthreads 
/usr/bin/ld: cannot find -lpthreads
collect2: error: ld returned 1 exit status
CMakeFiles/cmTC_0c141.dir/build.make:86: recipe for target 'cmTC_0c141' failed
make[4]: *** [cmTC_0c141] Error 1
make[4]: Leaving directory '/home/whil/Developer/sub/openpose/build/caffe/src/openpose_lib-build/CMakeFiles/CMakeTmp'
Makefile:121: recipe for target 'cmTC_0c141/fast' failed
make[3]: *** [cmTC_0c141/fast] Error 2
make[3]: Leaving directory '/home/whil/Developer/sub/openpose/build/caffe/src/openpose_lib-build/CMakeFiles/CMakeTmp'


